<?xml version="1.0" encoding="UTF-8"?>
<!-- Generated by org.testng.reporters.JUnitReportReporter -->
<testsuite hostname="WL2781-0044061" name="TestSpicejet" tests="1" failures="0" timestamp="17 Oct 2019 07:35:37 GMT" time="3.316" errors="1">
  <testcase name="spicejet" time="3.316" classname="TestSpicejet">
    <error type="org.openqa.selenium.SessionNotCreatedException" message="session not created: This version of ChromeDriver only supports Chrome version 78
Build info: version: &#039;3.9.1&#039;, revision: &#039;63f7b50&#039;, time: &#039;2018-02-07T22:25:02.294Z&#039;
System info: host: &#039;WL2781-0044061&#039;, ip: &#039;1.1.16.98&#039;, os.name: &#039;Windows 10&#039;, os.arch: &#039;amd64&#039;, os.version: &#039;10.0&#039;, java.version: &#039;1.8.0_201&#039;
Driver info: driver.version: ChromeDriver
remote stacktrace: Backtrace:
	Ordinal0 [0x0048AA43+1550915]
	Ordinal0 [0x0040A901+1026305]
	Ordinal0 [0x0038C915+510229]
	Ordinal0 [0x0031FC68+64616]
	Ordinal0 [0x0031C594+50580]
	Ordinal0 [0x0033ACE7+175335]
	Ordinal0 [0x0033A8ED+174317]
	Ordinal0 [0x00338CDB+167131]
	Ordinal0 [0x0032144A+70730]
	Ordinal0 [0x003224D0+74960]
	Ordinal0 [0x00322469+74857]
	Ordinal0 [0x004244C7+1131719]
	GetHandleVerifier [0x0052722D+523773]
	GetHandleVerifier [0x00526FC0+523152]
	GetHandleVerifier [0x0052E317+552679]
	GetHandleVerifier [0x00527A2A+525818]
	Ordinal0 [0x0041B9FC+1096188]
	Ordinal0 [0x0042653B+1140027]
	Ordinal0 [0x004266A3+1140387]
	Ordinal0 [0x00425625+1136165]
	BaseThreadInitThunk [0x77008674+36]
	RtlGetAppContainerNamedObjectPath [0x77275D87+311]
	RtlGetAppContainerNamedObjectPath [0x77275D57+263]
">
      <![CDATA[org.openqa.selenium.SessionNotCreatedException: session not created: This version of ChromeDriver only supports Chrome version 78
Build info: version: '3.9.1', revision: '63f7b50', time: '2018-02-07T22:25:02.294Z'
System info: host: 'WL2781-0044061', ip: '1.1.16.98', os.name: 'Windows 10', os.arch: 'amd64', os.version: '10.0', java.version: '1.8.0_201'
Driver info: driver.version: ChromeDriver
remote stacktrace: Backtrace:
	Ordinal0 [0x0048AA43+1550915]
	Ordinal0 [0x0040A901+1026305]
	Ordinal0 [0x0038C915+510229]
	Ordinal0 [0x0031FC68+64616]
	Ordinal0 [0x0031C594+50580]
	Ordinal0 [0x0033ACE7+175335]
	Ordinal0 [0x0033A8ED+174317]
	Ordinal0 [0x00338CDB+167131]
	Ordinal0 [0x0032144A+70730]
	Ordinal0 [0x003224D0+74960]
	Ordinal0 [0x00322469+74857]
	Ordinal0 [0x004244C7+1131719]
	GetHandleVerifier [0x0052722D+523773]
	GetHandleVerifier [0x00526FC0+523152]
	GetHandleVerifier [0x0052E317+552679]
	GetHandleVerifier [0x00527A2A+525818]
	Ordinal0 [0x0041B9FC+1096188]
	Ordinal0 [0x0042653B+1140027]
	Ordinal0 [0x004266A3+1140387]
	Ordinal0 [0x00425625+1136165]
	BaseThreadInitThunk [0x77008674+36]
	RtlGetAppContainerNamedObjectPath [0x77275D87+311]
	RtlGetAppContainerNamedObjectPath [0x77275D57+263]

	at sun.reflect.NativeConstructorAccessorImpl.newInstance0(Native Method)
	at sun.reflect.NativeConstructorAccessorImpl.newInstance(Unknown Source)
	at sun.reflect.DelegatingConstructorAccessorImpl.newInstance(Unknown Source)
	at java.lang.reflect.Constructor.newInstance(Unknown Source)
	at org.openqa.selenium.remote.W3CHandshakeResponse.lambda$new$0(W3CHandshakeResponse.java:57)
	at org.openqa.selenium.remote.W3CHandshakeResponse.lambda$getResponseFunction$2(W3CHandshakeResponse.java:104)
	at org.openqa.selenium.remote.ProtocolHandshake.lambda$createSession$0(ProtocolHandshake.java:123)
	at java.util.stream.ReferencePipeline$3$1.accept(Unknown Source)
	at java.util.Spliterators$ArraySpliterator.tryAdvance(Unknown Source)
	at java.util.stream.ReferencePipeline.forEachWithCancel(Unknown Source)
	at java.util.stream.AbstractPipeline.copyIntoWithCancel(Unknown Source)
	at java.util.stream.AbstractPipeline.copyInto(Unknown Source)
	at java.util.stream.AbstractPipeline.wrapAndCopyInto(Unknown Source)
	at java.util.stream.FindOps$FindOp.evaluateSequential(Unknown Source)
	at java.util.stream.AbstractPipeline.evaluate(Unknown Source)
	at java.util.stream.ReferencePipeline.findFirst(Unknown Source)
	at org.openqa.selenium.remote.ProtocolHandshake.createSession(ProtocolHandshake.java:126)
	at org.openqa.selenium.remote.ProtocolHandshake.createSession(ProtocolHandshake.java:73)
	at org.openqa.selenium.remote.HttpCommandExecutor.execute(HttpCommandExecutor.java:138)
	at org.openqa.selenium.remote.service.DriverCommandExecutor.execute(DriverCommandExecutor.java:83)
	at org.openqa.selenium.remote.RemoteWebDriver.execute(RemoteWebDriver.java:601)
	at org.openqa.selenium.remote.RemoteWebDriver.startSession(RemoteWebDriver.java:219)
	at org.openqa.selenium.remote.RemoteWebDriver.<init>(RemoteWebDriver.java:142)
	at org.openqa.selenium.chrome.ChromeDriver.<init>(ChromeDriver.java:181)
	at org.openqa.selenium.chrome.ChromeDriver.<init>(ChromeDriver.java:168)
	at org.openqa.selenium.chrome.ChromeDriver.<init>(ChromeDriver.java:123)
	at pMall_Methods.CoreMethods.openbrowser(CoreMethods.java:43)
	at TestSpicejet.spicejet(TestSpicejet.java:15)
	at sun.reflect.NativeMethodAccessorImpl.invoke0(Native Method)
	at sun.reflect.NativeMethodAccessorImpl.invoke(Unknown Source)
	at sun.reflect.DelegatingMethodAccessorImpl.invoke(Unknown Source)
	at java.lang.reflect.Method.invoke(Unknown Source)
	at org.testng.internal.MethodInvocationHelper.invokeMethod(MethodInvocationHelper.java:85)
	at org.testng.internal.Invoker.invokeMethod(Invoker.java:639)
	at org.testng.internal.Invoker.invokeTestMethod(Invoker.java:816)
	at org.testng.internal.Invoker.invokeTestMethods(Invoker.java:1124)
	at org.testng.internal.TestMethodWorker.invokeTestMethods(TestMethodWorker.java:125)
	at org.testng.internal.TestMethodWorker.run(TestMethodWorker.java:108)
	at org.testng.TestRunner.privateRun(TestRunner.java:774)
	at org.testng.TestRunner.run(TestRunner.java:624)
	at org.testng.SuiteRunner.runTest(SuiteRunner.java:359)
	at org.testng.SuiteRunner.runSequentially(SuiteRunner.java:354)
	at org.testng.SuiteRunner.privateRun(SuiteRunner.java:312)
	at org.testng.SuiteRunner.run(SuiteRunner.java:261)
	at org.testng.SuiteRunnerWorker.runSuite(SuiteRunnerWorker.java:52)
	at org.testng.SuiteRunnerWorker.run(SuiteRunnerWorker.java:86)
	at org.testng.TestNG.runSuitesSequentially(TestNG.java:1215)
	at org.testng.TestNG.runSuitesLocally(TestNG.java:1140)
	at org.testng.TestNG.run(TestNG.java:1048)
	at org.testng.remote.AbstractRemoteTestNG.run(AbstractRemoteTestNG.java:114)
	at org.testng.remote.RemoteTestNG.initAndRun(RemoteTestNG.java:251)
	at org.testng.remote.RemoteTestNG.main(RemoteTestNG.java:77)
]]>
    </error>
  </testcase> <!-- spicejet -->
</testsuite> <!-- TestSpicejet -->
